INFO 2023-01-08 20:40:27,572 autoreload 20004 16900 Watching for file changes with StatReloader
INFO 2023-01-08 20:40:52,136 basehttp 20004 18420 "GET / HTTP/1.1" 200 10681
INFO 2023-01-08 20:43:50,740 autoreload 15752 7928 Watching for file changes with StatReloader
INFO 2023-01-08 20:48:06,298 autoreload 15752 7928 C:\Users\Feng\FengShuang\study\pythonItem\st10_django4\Scripts\s05_luffy\luffyapi\luffyapi\settings\dev.py changed, reloading.
INFO 2023-01-08 20:48:06,777 autoreload 5224 17636 Watching for file changes with StatReloader
INFO 2023-01-08 20:48:08,830 basehttp 5224 23080 "GET / HTTP/1.1" 200 10681
INFO 2023-01-08 20:53:05,414 autoreload 5224 17636 C:\Users\Feng\FengShuang\study\pythonItem\st10_django4\Scripts\s05_luffy\luffyapi\luffyapi\settings\dev.py changed, reloading.
INFO 2023-01-08 20:53:05,901 autoreload 15300 4496 Watching for file changes with StatReloader
INFO 2023-01-08 20:54:49,845 autoreload 15300 4496 C:\Users\Feng\FengShuang\study\pythonItem\st10_django4\Scripts\s05_luffy\luffyapi\luffyapi\settings\dev.py changed, reloading.
INFO 2023-01-08 20:54:50,354 autoreload 21648 15648 Watching for file changes with StatReloader
INFO 2023-01-08 21:00:16,340 autoreload 21648 15648 C:\Users\Feng\FengShuang\study\pythonItem\st10_django4\Scripts\s05_luffy\luffyapi\luffyapi\settings\dev.py changed, reloading.
INFO 2023-01-08 21:00:16,960 autoreload 22640 1056 Watching for file changes with StatReloader
INFO 2023-01-08 21:02:09,083 autoreload 22640 1056 C:\Users\Feng\FengShuang\study\pythonItem\st10_django4\Scripts\s05_luffy\luffyapi\luffyapi\settings\dev.py changed, reloading.
INFO 2023-01-08 21:02:09,619 autoreload 11492 5228 Watching for file changes with StatReloader
INFO 2023-01-08 21:07:55,295 autoreload 11492 5228 C:\Users\Feng\FengShuang\study\pythonItem\st10_django4\Scripts\s05_luffy\luffyapi\luffyapi\settings\dev.py changed, reloading.
INFO 2023-01-08 21:07:55,975 autoreload 7800 21328 Watching for file changes with StatReloader
INFO 2023-01-08 21:09:16,456 autoreload 7800 21328 C:\Users\Feng\FengShuang\study\pythonItem\st10_django4\Scripts\s05_luffy\luffyapi\luffyapi\settings\dev.py changed, reloading.
INFO 2023-01-08 21:09:16,940 autoreload 21976 9008 Watching for file changes with StatReloader
INFO 2023-01-08 21:09:25,053 basehttp 21976 22756 "GET / HTTP/1.1" 200 10681
WARNING 2023-01-08 21:13:49,603 log 21976 14452 Not Found: /nav/header/
WARNING 2023-01-08 21:13:49,604 basehttp 21976 14452 "GET /nav/header/ HTTP/1.1" 404 2112
WARNING 2023-01-08 21:13:49,604 log 21976 7800 Not Found: /nav/footer/
WARNING 2023-01-08 21:13:49,606 basehttp 21976 7800 "GET /nav/footer/ HTTP/1.1" 404 2112
WARNING 2023-01-08 21:14:35,212 log 21976 7800 Not Found: /nav/header/
WARNING 2023-01-08 21:14:35,213 basehttp 21976 7800 "GET /nav/header/ HTTP/1.1" 404 2112
WARNING 2023-01-08 21:14:35,219 log 21976 14452 Not Found: /nav/footer/
WARNING 2023-01-08 21:14:35,220 basehttp 21976 14452 "GET /nav/footer/ HTTP/1.1" 404 2112
INFO 2023-01-08 21:21:47,425 autoreload 21976 9008 C:\Users\Feng\FengShuang\study\pythonItem\st10_django4\Scripts\s05_luffy\luffyapi\luffyapi\settings\dev.py changed, reloading.
INFO 2023-01-08 21:21:47,931 autoreload 23492 11084 Watching for file changes with StatReloader
INFO 2023-01-08 21:24:36,734 autoreload 23492 11084 C:\Users\Feng\FengShuang\study\pythonItem\st10_django4\Scripts\s05_luffy\luffyapi\luffyapi\settings\dev.py changed, reloading.
INFO 2023-01-08 21:24:37,213 autoreload 16536 20728 Watching for file changes with StatReloader
INFO 2023-01-08 21:31:39,946 autoreload 16536 20728 C:\Users\Feng\FengShuang\study\pythonItem\st10_django4\Scripts\s05_luffy\luffyapi\luffyapi\urls.py changed, reloading.
INFO 2023-01-08 21:31:40,531 autoreload 22796 20512 Watching for file changes with StatReloader
INFO 2023-01-08 21:41:57,980 autoreload 6324 2168 Watching for file changes with StatReloader
INFO 2023-01-08 21:57:27,405 autoreload 6324 2168 C:\Users\Feng\FengShuang\study\pythonItem\st10_django4\Scripts\s05_luffy\luffyapi\luffyapi\settings\dev.py changed, reloading.
INFO 2023-01-08 21:57:27,899 autoreload 14272 22800 Watching for file changes with StatReloader
INFO 2023-01-08 21:57:38,851 autoreload 15780 2900 Watching for file changes with StatReloader
INFO 2023-01-08 21:58:26,973 autoreload 17264 8472 Watching for file changes with StatReloader
WARNING 2023-01-08 21:58:38,243 log 17264 15072 Not Found: /
WARNING 2023-01-08 21:58:38,243 basehttp 17264 15072 "GET / HTTP/1.1" 404 2185
WARNING 2023-01-08 21:58:50,248 log 17264 15072 Not Found: /
WARNING 2023-01-08 21:58:50,249 basehttp 17264 15072 "GET / HTTP/1.1" 404 2185
INFO 2023-01-08 21:59:39,244 autoreload 12200 19328 Watching for file changes with StatReloader
WARNING 2023-01-08 21:59:48,935 log 12200 14320 Not Found: /
WARNING 2023-01-08 21:59:48,936 basehttp 12200 14320 "GET / HTTP/1.1" 404 2185
WARNING 2023-01-08 22:00:12,692 log 12200 14320 Not Found: /
WARNING 2023-01-08 22:00:12,693 basehttp 12200 14320 "GET / HTTP/1.1" 404 2185
INFO 2023-01-08 22:00:57,000 basehttp 12200 14320 "GET /admin/ HTTP/1.1" 302 0
INFO 2023-01-08 22:00:57,075 basehttp 12200 14320 "GET /admin/login/?next=/admin/ HTTP/1.1" 200 2218
INFO 2023-01-08 22:00:57,162 basehttp 12200 13056 "GET /static/admin/css/dark_mode.css HTTP/1.1" 200 796
INFO 2023-01-08 22:00:57,163 basehttp 12200 15216 "GET /static/admin/css/login.css HTTP/1.1" 200 958
INFO 2023-01-08 22:00:57,163 basehttp 12200 14320 "GET /static/admin/css/base.css HTTP/1.1" 200 20344
INFO 2023-01-08 22:00:57,164 basehttp 12200 6284 "GET /static/admin/css/responsive.css HTTP/1.1" 200 18854
INFO 2023-01-08 22:00:57,164 basehttp 12200 19424 "GET /static/admin/css/nav_sidebar.css HTTP/1.1" 200 2619
INFO 2023-01-08 22:00:57,178 basehttp 12200 6284 "GET /static/admin/js/nav_sidebar.js HTTP/1.1" 200 3763
WARNING 2023-01-08 22:02:10,706 log 12200 4996 Not Found: /nav/header/
WARNING 2023-01-08 22:02:10,706 basehttp 12200 4996 "GET /nav/header/ HTTP/1.1" 404 2236
WARNING 2023-01-08 22:02:10,713 log 12200 4996 Not Found: /nav/footer/
WARNING 2023-01-08 22:02:10,714 basehttp 12200 4996 "GET /nav/footer/ HTTP/1.1" 404 2236
INFO 2023-01-09 06:35:33,442 autoreload 8496 9648 Watching for file changes with StatReloader
INFO 2023-01-09 06:38:47,403 autoreload 1560 2100 Watching for file changes with StatReloader
INFO 2023-01-09 06:40:36,582 autoreload 14152 11248 Watching for file changes with StatReloader
INFO 2023-01-09 06:42:45,280 autoreload 14740 14744 Watching for file changes with StatReloader
INFO 2023-01-09 06:43:06,411 autoreload 15100 15104 Watching for file changes with StatReloader
WARNING 2023-01-09 06:43:11,329 log 15100 15296 Not Found: /
WARNING 2023-01-09 06:43:11,330 basehttp 15100 15296 "GET / HTTP/1.1" 404 2185
WARNING 2023-01-09 06:43:11,389 log 15100 15296 Not Found: /favicon.ico
WARNING 2023-01-09 06:43:11,389 basehttp 15100 15296 "GET /favicon.ico HTTP/1.1" 404 2236
INFO 2023-01-09 06:43:24,457 basehttp 15100 15296 "GET /admin/ HTTP/1.1" 302 0
INFO 2023-01-09 06:43:24,543 basehttp 15100 15296 "GET /admin/login/?next=/admin/ HTTP/1.1" 200 2218
INFO 2023-01-09 06:43:24,554 basehttp 15100 15296 "GET /static/admin/css/base.css HTTP/1.1" 304 0
INFO 2023-01-09 06:43:24,554 basehttp 15100 13924 "GET /static/admin/css/dark_mode.css HTTP/1.1" 304 0
INFO 2023-01-09 06:43:24,554 basehttp 15100 14464 "GET /static/admin/css/login.css HTTP/1.1" 304 0
INFO 2023-01-09 06:43:24,555 basehttp 15100 12396 "GET /static/admin/css/responsive.css HTTP/1.1" 304 0
INFO 2023-01-09 06:43:24,557 basehttp 15100 10348 "GET /static/admin/css/nav_sidebar.css HTTP/1.1" 304 0
INFO 2023-01-09 06:43:24,557 basehttp 15100 9508 "GET /static/admin/js/nav_sidebar.js HTTP/1.1" 304 0
INFO 2023-01-09 06:43:24,559 basehttp 15100 12396 "GET /static/admin/css/fonts.css HTTP/1.1" 304 0
INFO 2023-01-09 06:43:24,577 basehttp 15100 12396 "GET /static/admin/fonts/Roboto-Regular-webfont.woff HTTP/1.1" 304 0
INFO 2023-01-09 06:43:24,577 basehttp 15100 9508 "GET /static/admin/fonts/Roboto-Light-webfont.woff HTTP/1.1" 304 0
INFO 2023-01-09 07:36:51,176 autoreload 15100 15104 C:\Users\Feng\FengShuang\study\pythonItem\st10_django4\Scripts\s05_luffy\luffyapi\luffyapi\settings\dev.py changed, reloading.
INFO 2023-01-09 07:36:51,754 autoreload 14956 3064 Watching for file changes with StatReloader
INFO 2023-01-09 07:38:56,005 autoreload 14956 3064 C:\Users\Feng\FengShuang\study\pythonItem\st10_django4\Scripts\s05_luffy\luffyapi\luffyapi\settings\dev.py changed, reloading.
INFO 2023-01-09 07:38:56,470 autoreload 4284 14660 Watching for file changes with StatReloader
INFO 2023-01-09 07:39:16,887 autoreload 4284 14660 C:\Users\Feng\FengShuang\study\pythonItem\st10_django4\Scripts\s05_luffy\luffyapi\luffyapi\settings\dev.py changed, reloading.
INFO 2023-01-09 07:49:52,227 autoreload 13532 12060 Watching for file changes with StatReloader
INFO 2023-01-09 07:53:21,768 autoreload 3616 4740 Watching for file changes with StatReloader
WARNING 2023-01-09 08:14:48,968 log 3616 10264 Not Found: /nav/header/
WARNING 2023-01-09 08:14:48,970 log 3616 9368 Not Found: /nav/footer/
WARNING 2023-01-09 08:14:48,970 basehttp 3616 10264 "GET /nav/header/ HTTP/1.1" 404 2236
WARNING 2023-01-09 08:14:48,971 basehttp 3616 9368 "GET /nav/footer/ HTTP/1.1" 404 2236
INFO 2023-01-09 08:25:58,436 autoreload 3616 4740 C:\Users\Feng\FengShuang\study\pythonItem\st10_django4\Scripts\s05_luffy\luffyapi\luffyapi\apps\home\models.py changed, reloading.
INFO 2023-01-09 08:25:58,955 autoreload 3988 10348 Watching for file changes with StatReloader
INFO 2023-01-09 08:27:42,943 autoreload 3988 10348 C:\Users\Feng\FengShuang\study\pythonItem\st10_django4\Scripts\s05_luffy\luffyapi\luffyapi\apps\home\models.py changed, reloading.
INFO 2023-01-09 08:27:43,415 autoreload 13880 15136 Watching for file changes with StatReloader
INFO 2023-01-09 08:28:18,054 autoreload 13880 15136 C:\Users\Feng\FengShuang\study\pythonItem\st10_django4\Scripts\s05_luffy\luffyapi\luffyapi\apps\home\models.py changed, reloading.
INFO 2023-01-09 08:28:18,612 autoreload 3344 14060 Watching for file changes with StatReloader
INFO 2023-01-09 09:32:26,245 autoreload 3344 14060 C:\Users\Feng\FengShuang\study\pythonItem\st10_django4\Scripts\s05_luffy\luffyapi\luffyapi\urls.py changed, reloading.
INFO 2023-01-09 09:32:26,838 autoreload 2464 15132 Watching for file changes with StatReloader
WARNING 2023-01-09 09:32:41,177 log 2464 1772 Not Found: /
WARNING 2023-01-09 09:32:41,177 basehttp 2464 1772 "GET / HTTP/1.1" 404 2339
INFO 2023-01-09 09:34:00,306 basehttp 2464 1772 "GET /banner/ HTTP/1.1" 200 5182
INFO 2023-01-09 09:34:00,317 basehttp 2464 1772 "GET /static/rest_framework/css/bootstrap-tweaks.css HTTP/1.1" 304 0
INFO 2023-01-09 09:34:00,320 basehttp 2464 13292 "GET /static/rest_framework/css/bootstrap.min.css HTTP/1.1" 304 0
INFO 2023-01-09 09:34:00,321 basehttp 2464 13624 "GET /static/rest_framework/css/prettify.css HTTP/1.1" 304 0
INFO 2023-01-09 09:34:00,322 basehttp 2464 16112 "GET /static/rest_framework/css/default.css HTTP/1.1" 304 0
INFO 2023-01-09 09:34:00,323 basehttp 2464 1772 "GET /static/rest_framework/js/ajax-form.js HTTP/1.1" 304 0
INFO 2023-01-09 09:34:00,324 basehttp 2464 15980 "GET /static/rest_framework/js/jquery-3.5.1.min.js HTTP/1.1" 304 0
INFO 2023-01-09 09:34:00,324 basehttp 2464 2212 "GET /static/rest_framework/js/csrf.js HTTP/1.1" 304 0
INFO 2023-01-09 09:34:00,325 basehttp 2464 13292 "GET /static/rest_framework/js/bootstrap.min.js HTTP/1.1" 304 0
INFO 2023-01-09 09:34:00,326 basehttp 2464 13624 "GET /static/rest_framework/js/prettify-min.js HTTP/1.1" 304 0
INFO 2023-01-09 09:34:00,326 basehttp 2464 16112 "GET /static/rest_framework/js/default.js HTTP/1.1" 304 0
INFO 2023-01-09 09:34:00,344 basehttp 2464 16112 "GET /static/rest_framework/img/grid.png HTTP/1.1" 304 0
INFO 2023-01-09 09:40:32,755 autoreload 2464 15132 C:\Users\Feng\FengShuang\study\pythonItem\st10_django4\Scripts\s05_luffy\luffyapi\luffyapi\apps\home\views.py changed, reloading.
INFO 2023-01-09 09:40:33,246 autoreload 5788 8724 Watching for file changes with StatReloader
INFO 2023-01-09 09:44:42,604 autoreload 5788 8724 C:\Users\Feng\FengShuang\study\pythonItem\st10_django4\Scripts\s05_luffy\luffyapi\luffyapi\apps\home\views.py changed, reloading.
INFO 2023-01-09 09:44:43,101 autoreload 32 14424 Watching for file changes with StatReloader
INFO 2023-01-09 09:44:43,947 basehttp 32 16040 "GET /banner/ HTTP/1.1" 200 5182
INFO 2023-01-09 09:44:44,930 basehttp 32 16040 "GET /banner/ HTTP/1.1" 200 5182
INFO 2023-01-09 09:45:18,530 autoreload 32 14424 C:\Users\Feng\FengShuang\study\pythonItem\st10_django4\Scripts\s05_luffy\luffyapi\luffyapi\settings\constants.py changed, reloading.
INFO 2023-01-09 09:45:19,068 autoreload 4012 7192 Watching for file changes with StatReloader
INFO 2023-01-09 10:12:29,474 autoreload 7492 3324 Watching for file changes with StatReloader
INFO 2023-01-09 10:19:42,079 autoreload 2792 6176 Watching for file changes with StatReloader
INFO 2023-01-09 10:25:34,279 autoreload 2768 7952 Watching for file changes with StatReloader
INFO 2023-01-09 10:26:38,301 autoreload 1092 9588 Watching for file changes with StatReloader
INFO 2023-01-09 10:29:34,108 autoreload 1092 9588 C:\Users\Feng\FengShuang\study\pythonItem\st10_django4\Lib\site-packages\xadmin\models.py changed, reloading.
INFO 2023-01-09 10:29:34,633 autoreload 16024 15172 Watching for file changes with StatReloader
INFO 2023-01-09 10:29:52,170 autoreload 2396 14692 Watching for file changes with StatReloader
INFO 2023-01-09 10:30:42,395 autoreload 13692 884 Watching for file changes with StatReloader
INFO 2023-01-09 10:32:33,229 autoreload 16088 15092 Watching for file changes with StatReloader
INFO 2023-01-09 10:33:03,726 autoreload 12144 16300 Watching for file changes with StatReloader
INFO 2023-01-09 10:34:16,723 autoreload 15492 11584 Watching for file changes with StatReloader
INFO 2023-01-09 10:34:51,712 autoreload 16132 3404 Watching for file changes with StatReloader
INFO 2023-01-09 10:35:23,441 autoreload 5648 12912 Watching for file changes with StatReloader
INFO 2023-01-09 10:39:22,877 autoreload 13040 14908 Watching for file changes with StatReloader
INFO 2023-01-09 10:43:09,233 autoreload 3576 14520 Watching for file changes with StatReloader
INFO 2023-01-09 10:44:57,931 autoreload 11052 15732 Watching for file changes with StatReloader
INFO 2023-01-09 10:45:27,701 autoreload 11052 15732 C:\Users\Feng\FengShuang\study\pythonItem\st10_django4\Lib\site-packages\xadmin\views\base.py changed, reloading.
INFO 2023-01-09 10:45:28,183 autoreload 16000 14844 Watching for file changes with StatReloader
INFO 2023-01-09 10:46:17,650 autoreload 292 13280 Watching for file changes with StatReloader
INFO 2023-01-09 10:46:45,372 autoreload 13848 6696 Watching for file changes with StatReloader
INFO 2023-01-09 10:47:00,702 autoreload 16256 7012 Watching for file changes with StatReloader
INFO 2023-01-09 10:47:15,420 autoreload 13024 9388 Watching for file changes with StatReloader
INFO 2023-01-09 10:47:27,540 autoreload 15136 2792 Watching for file changes with StatReloader
INFO 2023-01-09 10:47:40,540 autoreload 1580 3908 Watching for file changes with StatReloader
INFO 2023-01-09 10:47:51,705 autoreload 7620 13372 Watching for file changes with StatReloader
INFO 2023-01-09 10:48:19,531 autoreload 13632 14448 Watching for file changes with StatReloader
INFO 2023-01-09 10:48:33,127 autoreload 9700 11252 Watching for file changes with StatReloader
INFO 2023-01-09 10:48:44,678 autoreload 3256 13368 Watching for file changes with StatReloader
INFO 2023-01-09 10:48:56,254 autoreload 6052 14408 Watching for file changes with StatReloader
INFO 2023-01-09 10:49:06,718 autoreload 5916 14628 Watching for file changes with StatReloader
INFO 2023-01-09 10:49:16,550 autoreload 3576 13716 Watching for file changes with StatReloader
INFO 2023-01-09 10:49:32,760 autoreload 6820 1340 Watching for file changes with StatReloader
INFO 2023-01-09 10:49:43,178 autoreload 15808 3956 Watching for file changes with StatReloader
INFO 2023-01-09 11:03:09,145 autoreload 7552 11688 Watching for file changes with StatReloader
INFO 2023-01-09 11:03:26,730 autoreload 15912 2028 Watching for file changes with StatReloader
INFO 2023-01-09 11:04:00,125 autoreload 11108 10732 Watching for file changes with StatReloader
INFO 2023-01-09 11:04:14,274 autoreload 12112 6708 Watching for file changes with StatReloader
INFO 2023-01-09 11:04:34,656 autoreload 6644 16032 Watching for file changes with StatReloader
INFO 2023-01-09 11:14:13,278 autoreload 2652 13652 Watching for file changes with StatReloader
INFO 2023-01-09 11:23:08,398 autoreload 5708 11696 Watching for file changes with StatReloader
INFO 2023-01-09 11:23:59,795 autoreload 7556 14148 Watching for file changes with StatReloader
INFO 2023-01-09 11:24:29,773 autoreload 13244 4044 Watching for file changes with StatReloader
INFO 2023-01-09 11:25:34,990 autoreload 7524 13660 Watching for file changes with StatReloader
INFO 2023-01-09 11:26:07,608 autoreload 9352 15444 Watching for file changes with StatReloader
INFO 2023-01-09 11:26:49,922 autoreload 14964 5468 Watching for file changes with StatReloader
INFO 2023-01-09 11:28:39,541 autoreload 6712 15936 Watching for file changes with StatReloader
INFO 2023-01-09 12:46:55,988 autoreload 12164 15440 Watching for file changes with StatReloader
INFO 2023-01-09 12:47:02,752 basehttp 12164 15260 "GET /banner/ HTTP/1.1" 200 5182
INFO 2023-01-09 13:07:49,771 basehttp 12164 7336 "GET /admin/ HTTP/1.1" 302 0
INFO 2023-01-09 13:07:49,862 basehttp 12164 7336 "GET /admin/login/?next=/admin/ HTTP/1.1" 200 2218
INFO 2023-01-09 13:07:59,014 basehttp 12164 7336 "POST /admin/login/?next=/admin/ HTTP/1.1" 302 0
INFO 2023-01-09 13:07:59,063 basehttp 12164 7336 "GET /admin/ HTTP/1.1" 200 3580
INFO 2023-01-09 13:07:59,099 basehttp 12164 7336 "GET /static/admin/css/dashboard.css HTTP/1.1" 200 380
INFO 2023-01-09 13:07:59,107 basehttp 12164 7336 "GET /static/admin/img/icon-addlink.svg HTTP/1.1" 200 331
INFO 2023-01-09 13:07:59,108 basehttp 12164 15588 "GET /static/admin/img/icon-changelink.svg HTTP/1.1" 200 380
INFO 2023-01-09 13:07:59,115 basehttp 12164 15588 "GET /static/admin/fonts/Roboto-Bold-webfont.woff HTTP/1.1" 304 0
INFO 2023-01-09 13:12:30,136 autoreload 12164 15440 C:\Users\Feng\FengShuang\study\pythonItem\st10_django4\Scripts\s05_luffy\luffyapi\luffyapi\apps\home\admin.py changed, reloading.
INFO 2023-01-09 13:12:30,740 autoreload 3040 1876 Watching for file changes with StatReloader
INFO 2023-01-09 13:13:55,901 autoreload 3040 1876 C:\Users\Feng\FengShuang\study\pythonItem\st10_django4\Scripts\s05_luffy\luffyapi\luffyapi\apps\home\admin.py changed, reloading.
INFO 2023-01-09 13:13:56,379 autoreload 9708 16192 Watching for file changes with StatReloader
INFO 2023-01-09 13:17:33,081 autoreload 9708 16192 C:\Users\Feng\FengShuang\study\pythonItem\st10_django4\Scripts\s05_luffy\luffyapi\luffyapi\apps\home\admin.py changed, reloading.
INFO 2023-01-09 13:17:33,552 autoreload 8428 16300 Watching for file changes with StatReloader
INFO 2023-01-09 13:17:35,380 basehttp 8428 14852 "GET /admin/ HTTP/1.1" 200 4219
INFO 2023-01-09 13:17:35,390 basehttp 8428 14900 "GET /static/admin/css/nav_sidebar.css HTTP/1.1" 304 0
INFO 2023-01-09 13:17:35,391 basehttp 8428 2228 "GET /static/admin/css/dark_mode.css HTTP/1.1" 304 0
INFO 2023-01-09 13:17:35,391 basehttp 8428 14852 "GET /static/admin/css/base.css HTTP/1.1" 304 0
INFO 2023-01-09 13:17:35,392 basehttp 8428 13332 "GET /static/admin/css/responsive.css HTTP/1.1" 304 0
INFO 2023-01-09 13:17:35,392 basehttp 8428 16032 "GET /static/admin/js/nav_sidebar.js HTTP/1.1" 304 0
INFO 2023-01-09 13:17:35,394 basehttp 8428 16032 "GET /static/admin/css/fonts.css HTTP/1.1" 304 0
INFO 2023-01-09 13:17:35,398 basehttp 8428 16032 "GET /static/admin/fonts/Roboto-Light-webfont.woff HTTP/1.1" 304 0
INFO 2023-01-09 13:17:35,398 basehttp 8428 13332 "GET /static/admin/fonts/Roboto-Regular-webfont.woff HTTP/1.1" 304 0
INFO 2023-01-09 13:17:37,287 basehttp 8428 13332 "GET /admin/home/banner/ HTTP/1.1" 200 5397
INFO 2023-01-09 13:17:37,309 basehttp 8428 16032 "GET /admin/jsi18n/ HTTP/1.1" 200 3343
INFO 2023-01-09 13:17:37,391 basehttp 8428 13332 "GET /static/admin/css/changelists.css HTTP/1.1" 200 6395
INFO 2023-01-09 13:17:37,401 basehttp 8428 2228 "GET /static/admin/js/jquery.init.js HTTP/1.1" 200 347
INFO 2023-01-09 13:17:37,404 basehttp 8428 13332 "GET /static/admin/js/urlify.js HTTP/1.1" 200 7902
INFO 2023-01-09 13:17:37,406 basehttp 8428 14900 "GET /static/admin/js/core.js HTTP/1.1" 200 5698
INFO 2023-01-09 13:17:37,408 basehttp 8428 13500 "GET /static/admin/js/admin/RelatedObjectLookups.js HTTP/1.1" 200 8985
INFO 2023-01-09 13:17:37,408 basehttp 8428 16032 "GET /static/admin/js/actions.js HTTP/1.1" 200 7872
INFO 2023-01-09 13:17:37,413 basehttp 8428 2228 "GET /static/admin/js/prepopulate.js HTTP/1.1" 200 1531
INFO 2023-01-09 13:17:37,440 basehttp 8428 14852 "GET /static/admin/js/vendor/jquery/jquery.js HTTP/1.1" 200 288580
INFO 2023-01-09 13:17:37,448 basehttp 8428 13332 "GET /static/admin/js/vendor/xregexp/xregexp.js HTTP/1.1" 200 232381
INFO 2023-01-09 13:17:37,453 basehttp 8428 14852 "GET /static/admin/js/filters.js HTTP/1.1" 200 966
INFO 2023-01-09 13:17:37,471 basehttp 8428 14852 "GET /static/admin/img/tooltag-add.svg HTTP/1.1" 200 331
INFO 2023-01-09 13:17:40,849 basehttp 8428 14852 "GET /admin/home/banner/add/ HTTP/1.1" 200 8804
INFO 2023-01-09 13:17:40,863 basehttp 8428 13332 "GET /admin/jsi18n/ HTTP/1.1" 200 3343
INFO 2023-01-09 13:17:40,864 basehttp 8428 14852 "GET /static/admin/css/forms.css HTTP/1.1" 200 8944
INFO 2023-01-09 13:17:40,867 basehttp 8428 2228 "GET /static/admin/js/prepopulate_init.js HTTP/1.1" 200 586
INFO 2023-01-09 13:17:40,872 basehttp 8428 13332 "GET /static/admin/css/widgets.css HTTP/1.1" 200 11297
INFO 2023-01-09 13:17:40,875 basehttp 8428 14852 "GET /static/admin/js/change_form.js HTTP/1.1" 200 606
INFO 2023-01-09 13:17:46,158 basehttp 8428 14852 "GET /admin/home/banner/ HTTP/1.1" 200 5397
INFO 2023-01-09 13:17:46,169 basehttp 8428 14852 "GET /admin/jsi18n/ HTTP/1.1" 200 3343
INFO 2023-01-09 13:20:24,740 autoreload 8428 16300 C:\Users\Feng\FengShuang\study\pythonItem\st10_django4\Scripts\s05_luffy\luffyapi\luffyapi\apps\home\models.py changed, reloading.
INFO 2023-01-09 13:20:25,240 autoreload 16192 6580 Watching for file changes with StatReloader
INFO 2023-01-09 13:24:50,675 autoreload 16192 6580 C:\Users\Feng\FengShuang\study\pythonItem\st10_django4\Scripts\s05_luffy\luffyapi\luffyapi\apps\home\models.py changed, reloading.
INFO 2023-01-09 13:24:51,325 autoreload 13856 15588 Watching for file changes with StatReloader
INFO 2023-01-09 13:26:11,180 basehttp 13856 3100 "GET /admin/home/banner/add/ HTTP/1.1" 200 8816
INFO 2023-01-09 13:26:11,195 basehttp 13856 3100 "GET /admin/jsi18n/ HTTP/1.1" 200 3343
INFO 2023-01-09 13:26:14,281 basehttp 13856 3100 "GET /admin/home/banner/add/ HTTP/1.1" 200 8816
INFO 2023-01-09 13:26:14,293 basehttp 13856 3100 "GET /admin/jsi18n/ HTTP/1.1" 200 3343
INFO 2023-01-09 13:30:16,890 basehttp 13856 3100 "POST /admin/home/banner/add/ HTTP/1.1" 302 0
INFO 2023-01-09 13:30:16,915 basehttp 13856 3100 "GET /admin/home/banner/1/change/ HTTP/1.1" 200 9491
INFO 2023-01-09 13:30:16,928 basehttp 13856 3100 "GET /admin/jsi18n/ HTTP/1.1" 200 3343
INFO 2023-01-09 13:30:16,971 basehttp 13856 3100 "GET /static/admin/img/icon-yes.svg HTTP/1.1" 200 436
INFO 2023-01-09 13:30:52,985 basehttp 13856 3100 "GET /admin/home/banner/ HTTP/1.1" 200 7926
INFO 2023-01-09 13:30:52,998 basehttp 13856 3100 "GET /admin/jsi18n/ HTTP/1.1" 200 3343
INFO 2023-01-09 13:30:53,006 basehttp 13856 3100 "GET /static/admin/img/icon-no.svg HTTP/1.1" 200 560
INFO 2023-01-09 13:30:57,906 basehttp 13856 3100 "GET /admin/home/banner/add/ HTTP/1.1" 200 8816
INFO 2023-01-09 13:30:57,918 basehttp 13856 3100 "GET /admin/jsi18n/ HTTP/1.1" 200 3343
INFO 2023-01-09 13:31:37,203 basehttp 13856 3100 "POST /admin/home/banner/add/ HTTP/1.1" 302 0
INFO 2023-01-09 13:31:37,216 basehttp 13856 3100 "GET /admin/home/banner/add/ HTTP/1.1" 200 9065
INFO 2023-01-09 13:31:37,227 basehttp 13856 3100 "GET /admin/jsi18n/ HTTP/1.1" 200 3343
INFO 2023-01-09 13:32:22,735 basehttp 13856 3100 "POST /admin/home/banner/add/ HTTP/1.1" 302 0
INFO 2023-01-09 13:32:22,766 basehttp 13856 3100 "GET /admin/home/banner/ HTTP/1.1" 200 9361
INFO 2023-01-09 13:32:22,801 basehttp 13856 3100 "GET /admin/jsi18n/ HTTP/1.1" 200 3343
INFO 2023-01-09 13:32:34,654 basehttp 13856 3100 "GET /banner/ HTTP/1.1" 200 5798
INFO 2023-01-09 13:33:09,752 basehttp 13856 3100 "GET /admin/home/banner/3/change/ HTTP/1.1" 200 9259
INFO 2023-01-09 13:33:09,764 basehttp 13856 3100 "GET /admin/jsi18n/ HTTP/1.1" 200 3343
INFO 2023-01-09 13:33:14,339 basehttp 13856 3100 "POST /admin/home/banner/3/change/ HTTP/1.1" 302 0
INFO 2023-01-09 13:33:14,352 basehttp 13856 3100 "GET /admin/home/banner/ HTTP/1.1" 200 9363
INFO 2023-01-09 13:33:14,388 basehttp 13856 3100 "GET /admin/jsi18n/ HTTP/1.1" 200 3343
INFO 2023-01-09 13:33:17,505 basehttp 13856 3100 "GET /banner/ HTTP/1.1" 200 5798
INFO 2023-01-09 13:33:18,217 basehttp 13856 3100 "GET /banner/ HTTP/1.1" 200 5798
INFO 2023-01-09 13:33:18,525 basehttp 13856 3100 "GET /banner/ HTTP/1.1" 200 5798
INFO 2023-01-09 13:33:18,728 basehttp 13856 3100 "GET /banner/ HTTP/1.1" 200 5798
INFO 2023-01-09 13:34:10,688 autoreload 13856 15588 C:\Users\Feng\FengShuang\study\pythonItem\st10_django4\Scripts\s05_luffy\luffyapi\luffyapi\apps\home\models.py changed, reloading.
INFO 2023-01-09 13:34:11,227 autoreload 15120 4704 Watching for file changes with StatReloader
INFO 2023-01-09 13:35:09,689 autoreload 15120 4704 C:\Users\Feng\FengShuang\study\pythonItem\st10_django4\Scripts\s05_luffy\luffyapi\luffyapi\apps\home\models.py changed, reloading.
INFO 2023-01-09 13:35:10,224 autoreload 14120 16228 Watching for file changes with StatReloader
INFO 2023-01-09 13:35:11,716 basehttp 14120 15512 "GET /banner/ HTTP/1.1" 200 5798
INFO 2023-01-09 13:35:13,909 basehttp 14120 15512 "GET /admin/home/banner/ HTTP/1.1" 200 9155
INFO 2023-01-09 13:35:13,921 basehttp 14120 15512 "GET /admin/jsi18n/ HTTP/1.1" 200 3343
INFO 2023-01-09 13:35:15,707 basehttp 14120 15512 "GET /admin/home/banner/3/change/ HTTP/1.1" 200 9267
INFO 2023-01-09 13:35:15,718 basehttp 14120 15512 "GET /admin/jsi18n/ HTTP/1.1" 200 3343
INFO 2023-01-09 13:35:24,659 basehttp 14120 15512 "POST /admin/home/banner/3/change/ HTTP/1.1" 302 0
INFO 2023-01-09 13:35:24,673 basehttp 14120 15512 "GET /admin/home/banner/ HTTP/1.1" 200 9363
INFO 2023-01-09 13:35:24,684 basehttp 14120 15512 "GET /admin/jsi18n/ HTTP/1.1" 200 3343
INFO 2023-01-09 13:35:29,663 basehttp 14120 15512 "GET /banner/ HTTP/1.1" 200 6103
INFO 2023-01-09 13:35:46,236 basehttp 14120 15512 "GET /admin/home/banner/ HTTP/1.1" 200 9155
INFO 2023-01-09 13:35:46,248 basehttp 14120 15512 "GET /admin/jsi18n/ HTTP/1.1" 200 3343
INFO 2023-01-09 13:35:46,958 autoreload 14120 16228 C:\Users\Feng\FengShuang\study\pythonItem\st10_django4\Scripts\s05_luffy\luffyapi\luffyapi\apps\home\models.py changed, reloading.
INFO 2023-01-09 13:35:47,457 autoreload 15736 4528 Watching for file changes with StatReloader
INFO 2023-01-09 13:35:48,143 basehttp 15736 5468 "GET /banner/ HTTP/1.1" 200 6103
INFO 2023-01-09 13:35:53,860 basehttp 15736 5468 "GET /admin/home/banner/3/change/ HTTP/1.1" 200 9402
INFO 2023-01-09 13:35:53,885 basehttp 15736 5468 "GET /admin/jsi18n/ HTTP/1.1" 200 3343
INFO 2023-01-09 13:36:02,452 basehttp 15736 5468 "POST /admin/home/banner/3/change/ HTTP/1.1" 302 0
INFO 2023-01-09 13:36:02,474 basehttp 15736 5468 "GET /admin/home/banner/ HTTP/1.1" 200 9363
INFO 2023-01-09 13:36:02,487 basehttp 15736 5468 "GET /admin/jsi18n/ HTTP/1.1" 200 3343
INFO 2023-01-09 13:38:42,933 basehttp 15736 5468 "GET /admin/home/banner/3/change/ HTTP/1.1" 200 9402
INFO 2023-01-09 13:38:42,969 basehttp 15736 5468 "GET /admin/jsi18n/ HTTP/1.1" 200 3343
INFO 2023-01-09 13:38:59,256 basehttp 15736 5468 "POST /admin/home/banner/3/change/ HTTP/1.1" 302 0
INFO 2023-01-09 13:38:59,284 basehttp 15736 5468 "GET /admin/home/banner/add/ HTTP/1.1" 200 9059
INFO 2023-01-09 13:38:59,295 basehttp 15736 5468 "GET /admin/jsi18n/ HTTP/1.1" 200 3343
INFO 2023-01-09 13:39:42,173 basehttp 15736 5468 "POST /admin/home/banner/add/ HTTP/1.1" 302 0
INFO 2023-01-09 13:39:42,200 basehttp 15736 5468 "GET /admin/home/banner/ HTTP/1.1" 200 9992
INFO 2023-01-09 13:39:42,210 basehttp 15736 5468 "GET /admin/jsi18n/ HTTP/1.1" 200 3343
INFO 2023-01-09 13:39:57,753 basehttp 15736 5468 "GET /banner/ HTTP/1.1" 200 6091
INFO 2023-01-09 13:40:07,428 basehttp 15736 5468 "GET /banner/ HTTP/1.1" 200 6091
INFO 2023-01-09 13:41:46,515 autoreload 15736 4528 C:\Users\Feng\FengShuang\study\pythonItem\st10_django4\Scripts\s05_luffy\luffyapi\luffyapi\apps\home\apps.py changed, reloading.
INFO 2023-01-09 13:41:47,034 autoreload 12788 9640 Watching for file changes with StatReloader
INFO 2023-01-09 13:41:47,957 basehttp 12788 9740 "GET /admin/home/banner/ HTTP/1.1" 200 9789
INFO 2023-01-09 13:41:47,984 basehttp 12788 9740 "GET /admin/jsi18n/ HTTP/1.1" 200 3343
INFO 2023-01-09 13:41:49,013 basehttp 12788 9740 "GET /admin/home/banner/ HTTP/1.1" 200 9789
INFO 2023-01-09 13:41:49,033 basehttp 12788 9740 "GET /admin/jsi18n/ HTTP/1.1" 200 3343
INFO 2023-01-09 13:43:23,653 autoreload 12788 9640 C:\Users\Feng\FengShuang\study\pythonItem\st10_django4\Scripts\s05_luffy\luffyapi\luffyapi\apps\home\__init__.py changed, reloading.
INFO 2023-01-09 13:43:24,245 autoreload 8160 5252 Watching for file changes with StatReloader
INFO 2023-01-09 13:43:46,078 basehttp 8160 6104 "GET /admin/home/banner/ HTTP/1.1" 200 9789
INFO 2023-01-09 13:43:46,091 basehttp 8160 6104 "GET /admin/jsi18n/ HTTP/1.1" 200 3343
INFO 2023-01-09 13:43:46,907 basehttp 8160 6104 "GET /admin/home/banner/ HTTP/1.1" 200 9789
INFO 2023-01-09 13:43:46,918 basehttp 8160 6104 "GET /admin/jsi18n/ HTTP/1.1" 200 3343
INFO 2023-01-09 13:44:01,988 autoreload 8160 5252 C:\Users\Feng\FengShuang\study\pythonItem\st10_django4\Scripts\s05_luffy\luffyapi\luffyapi\apps\home\__init__.py changed, reloading.
INFO 2023-01-09 13:44:02,474 autoreload 1892 2336 Watching for file changes with StatReloader
INFO 2023-01-09 13:44:03,727 basehttp 1892 13528 "GET /admin/home/banner/ HTTP/1.1" 200 9789
INFO 2023-01-09 13:44:03,739 basehttp 1892 13528 "GET /admin/jsi18n/ HTTP/1.1" 200 3343
INFO 2023-01-09 13:44:04,433 basehttp 1892 13528 "GET /admin/home/banner/ HTTP/1.1" 200 9789
INFO 2023-01-09 13:44:04,444 basehttp 1892 13528 "GET /admin/jsi18n/ HTTP/1.1" 200 3343
INFO 2023-01-09 13:44:05,905 basehttp 1892 13528 "GET /admin/home/banner/ HTTP/1.1" 200 9789
INFO 2023-01-09 13:44:05,915 basehttp 1892 13528 "GET /admin/jsi18n/ HTTP/1.1" 200 3343
